<?xml version="1.0" encoding="UTF-8"?>
<!-- Generated by org.testng.reporters.JUnitXMLReporter -->
<testsuite hostname="DESKTOP-DEO0AA3" name="Test" tests="2" failures="1" timestamp="6 May 2020 17:54:29 GMT" time="21.628" errors="0">
  <testcase name="GoogleTitleVerify" time="21.484" classname="listenersDemo.MyFirstTestCase"/>
  <testcase name="TitleMatch" time="0.009" classname="listenersDemo.MyFirstTestCase">
    <failure type="java.lang.AssertionError" message="expected [true] but found [false]">
      <![CDATA[java.lang.AssertionError: expected [true] but found [false]
	at listenersDemo.MyFirstTestCase.TitleMatch(MyFirstTestCase.java:32)
... Removed 28 stack frames]]>
    </failure>
  </testcase> <!-- TitleMatch -->
</testsuite> <!-- Test -->
